<?xml version="1.0" encoding="UTF-8" ?>
<testsuites name="vitest tests" tests="26" failures="0" errors="0" time="0.046872403">
    <testsuite name="dist/__tests__/envelope.test.js" timestamp="2026-06-12T03:32:47.195Z" hostname="main" tests="5" failures="0" errors="0" skipped="0" time="0.006264374">
        <testcase classname="dist/__tests__/envelope.test.js" name="buildEnvelope &gt; sets eventId and version" time="0.003427669">
        </testcase>
        <testcase classname="dist/__tests__/envelope.test.js" name="buildEnvelope &gt; generates createdAt as ISO-8601" time="0.000638047">
        </testcase>
        <testcase classname="dist/__tests__/envelope.test.js" name="buildEnvelope &gt; generates a traceId when not provided" time="0.000229525">
        </testcase>
        <testcase classname="dist/__tests__/envelope.test.js" name="buildEnvelope &gt; uses provided traceId" time="0.000108417">
        </testcase>
        <testcase classname="dist/__tests__/envelope.test.js" name="buildEnvelope &gt; two envelopes have different traceIds" time="0.000202877">
        </testcase>
    </testsuite>
    <testsuite name="dist/__tests__/memory.test.js" timestamp="2026-06-12T03:32:47.197Z" hostname="main" tests="4" failures="0" errors="0" skipped="0" time="0.00596142">
        <testcase classname="dist/__tests__/memory.test.js" name="InMemoryTransportAdapter &gt; starts with empty published list" time="0.003100244">
        </testcase>
        <testcase classname="dist/__tests__/memory.test.js" name="InMemoryTransportAdapter &gt; records published events in order" time="0.000798155">
        </testcase>
        <testcase classname="dist/__tests__/memory.test.js" name="InMemoryTransportAdapter &gt; returns a messageId on each publish" time="0.00019772">
        </testcase>
        <testcase classname="dist/__tests__/memory.test.js" name="InMemoryTransportAdapter &gt; clear() resets the list" time="0.00024468">
        </testcase>
    </testsuite>
    <testsuite name="dist/__tests__/retry.test.js" timestamp="2026-06-12T03:32:47.197Z" hostname="main" tests="4" failures="0" errors="0" skipped="0" time="0.010716371">
        <testcase classname="dist/__tests__/retry.test.js" name="withRetry &gt; succeeds on first attempt when adapter works" time="0.001177778">
        </testcase>
        <testcase classname="dist/__tests__/retry.test.js" name="withRetry &gt; retries and succeeds within maxAttempts" time="0.002604581">
        </testcase>
        <testcase classname="dist/__tests__/retry.test.js" name="withRetry &gt; throws after exhausting all attempts" time="0.003383136">
        </testcase>
        <testcase classname="dist/__tests__/retry.test.js" name="withRetry &gt; uses fixed backoff when specified" time="0.002546597">
        </testcase>
    </testsuite>
    <testsuite name="src/__tests__/envelope.test.ts" timestamp="2026-06-12T03:32:47.198Z" hostname="main" tests="5" failures="0" errors="0" skipped="0" time="0.008088661">
        <testcase classname="src/__tests__/envelope.test.ts" name="buildEnvelope &gt; sets eventId and version" time="0.003700089">
        </testcase>
        <testcase classname="src/__tests__/envelope.test.ts" name="buildEnvelope &gt; generates createdAt as ISO-8601" time="0.001210126">
        </testcase>
        <testcase classname="src/__tests__/envelope.test.ts" name="buildEnvelope &gt; generates a traceId when not provided" time="0.000451559">
        </testcase>
        <testcase classname="src/__tests__/envelope.test.ts" name="buildEnvelope &gt; uses provided traceId" time="0.000257303">
        </testcase>
        <testcase classname="src/__tests__/envelope.test.ts" name="buildEnvelope &gt; two envelopes have different traceIds" time="0.000475729">
        </testcase>
    </testsuite>
    <testsuite name="src/__tests__/memory.test.ts" timestamp="2026-06-12T03:32:47.198Z" hostname="main" tests="4" failures="0" errors="0" skipped="0" time="0.003734976">
        <testcase classname="src/__tests__/memory.test.ts" name="InMemoryTransportAdapter &gt; starts with empty published list" time="0.00158468">
        </testcase>
        <testcase classname="src/__tests__/memory.test.ts" name="InMemoryTransportAdapter &gt; records published events in order" time="0.000760462">
        </testcase>
        <testcase classname="src/__tests__/memory.test.ts" name="InMemoryTransportAdapter &gt; returns a messageId on each publish" time="0.000188008">
        </testcase>
        <testcase classname="src/__tests__/memory.test.ts" name="InMemoryTransportAdapter &gt; clear() resets the list" time="0.000235666">
        </testcase>
    </testsuite>
    <testsuite name="src/__tests__/retry.test.ts" timestamp="2026-06-12T03:32:47.198Z" hostname="main" tests="4" failures="0" errors="0" skipped="0" time="0.012106601">
        <testcase classname="src/__tests__/retry.test.ts" name="withRetry &gt; succeeds on first attempt when adapter works" time="0.002264401">
        </testcase>
        <testcase classname="src/__tests__/retry.test.ts" name="withRetry &gt; retries and succeeds within maxAttempts" time="0.002561977">
        </testcase>
        <testcase classname="src/__tests__/retry.test.ts" name="withRetry &gt; throws after exhausting all attempts" time="0.003255183">
        </testcase>
        <testcase classname="src/__tests__/retry.test.ts" name="withRetry &gt; uses fixed backoff when specified" time="0.002408738">
        </testcase>
    </testsuite>
</testsuites>
