<?xml version="1.0" encoding="UTF-8" ?>
<testsuites name="vitest tests" tests="10" failures="0" errors="0" time="0.007697003">
    <testsuite name="dist/__tests__/generator.test.js" timestamp="2026-06-12T03:32:47.648Z" hostname="main" tests="5" failures="0" errors="0" skipped="0" time="0.003771857">
        <testcase classname="dist/__tests__/generator.test.js" name="TypeScript SDK generator &gt; generates package.json with runtime dependency" time="0.000859457">
        </testcase>
        <testcase classname="dist/__tests__/generator.test.js" name="TypeScript SDK generator &gt; generates runtime.ts re-exporting from runtime package" time="0.000255849">
        </testcase>
        <testcase classname="dist/__tests__/generator.test.js" name="TypeScript SDK generator &gt; generates typed payload for the event" time="0.00017223">
        </testcase>
        <testcase classname="dist/__tests__/generator.test.js" name="TypeScript SDK generator &gt; generates factory function with publish method" time="0.000129419">
        </testcase>
        <testcase classname="dist/__tests__/generator.test.js" name="TypeScript SDK generator &gt; generates index.ts with createClient factory" time="0.000136329">
        </testcase>
    </testsuite>
    <testsuite name="src/__tests__/generator.test.ts" timestamp="2026-06-12T03:32:47.650Z" hostname="main" tests="5" failures="0" errors="0" skipped="0" time="0.003925146">
        <testcase classname="src/__tests__/generator.test.ts" name="TypeScript SDK generator &gt; generates package.json with runtime dependency" time="0.000852625">
        </testcase>
        <testcase classname="src/__tests__/generator.test.ts" name="TypeScript SDK generator &gt; generates runtime.ts re-exporting from runtime package" time="0.000257995">
        </testcase>
        <testcase classname="src/__tests__/generator.test.ts" name="TypeScript SDK generator &gt; generates typed payload for the event" time="0.000204916">
        </testcase>
        <testcase classname="src/__tests__/generator.test.ts" name="TypeScript SDK generator &gt; generates factory function with publish method" time="0.000148279">
        </testcase>
        <testcase classname="src/__tests__/generator.test.ts" name="TypeScript SDK generator &gt; generates index.ts with createClient factory" time="0.000145968">
        </testcase>
    </testsuite>
</testsuites>
